[2026-03-13 14:54:30][INFO] MissionServer init
[2026-03-13 14:56:01][INFO] Startup wipe 10/64 deleted +0 total 0 active 0/3
[2026-03-13 14:56:16][INFO] Startup wipe 20/64 deleted +0 total 0 active 0/3
[2026-03-13 14:56:29][INFO] Startup wipe 30/64 deleted +0 total 0 active 0/3
[2026-03-13 14:56:38][INFO] Startup wipe 40/64 deleted +0 total 0 active 0/3
[2026-03-13 14:56:53][INFO] Startup wipe 50/64 deleted +0 total 0 active 0/3
[2026-03-13 14:57:07][INFO] Startup wipe 60/64 deleted +0 total 0 active 0/3
[2026-03-13 14:57:10][INFO] Startup wipe 64/64 deleted +0 total 0 active 0/3
[2026-03-13 14:57:10][INFO] Startup wipe finished deleted total 0
[2026-03-13 14:57:15][INFO] Spawning 1/3 in 277972ms
[2026-03-13 15:01:53][INFO] Calling SpawnSite 1/3
[2026-03-13 15:01:53][INFO] Valid crash site found: 2125.73,9239.76 (attempt 4/500)
[2026-03-13 15:01:53][INFO] Using generated crash site: <2125.734863, 269.735992, 9239.760742>
[2026-03-13 15:01:58][INFO] Spawn confirmed active 1/3
[2026-03-13 15:02:03][INFO] Spawning 2/3 in 156701ms
[2026-03-13 15:04:40][INFO] Calling SpawnSite 2/3
[2026-03-13 15:04:40][INFO] Valid crash site found: 1143.93,4168.86 (attempt 1/500)
[2026-03-13 15:04:40][INFO] Using generated crash site: <1143.927734, 129.897385, 4168.856445>
[2026-03-13 15:04:45][INFO] Spawn confirmed active 2/3
[2026-03-13 15:04:50][INFO] Spawning 3/3 in 202730ms
[2026-03-13 15:06:55][INFO] MissionServer init
[2026-03-13 15:07:45][INFO] Startup wipe 9/64 deleted +2 total 2 active 1/3
[2026-03-13 15:07:46][INFO] Startup wipe 10/64 deleted +0 total 2 active 1/3
[2026-03-13 15:07:56][INFO] Startup wipe 20/64 deleted +0 total 2 active 1/3
[2026-03-13 15:08:06][INFO] Startup wipe 30/64 deleted +0 total 2 active 1/3
[2026-03-13 15:08:09][INFO] Startup wipe 33/64 deleted +2 total 4 active 0/3
[2026-03-13 15:08:14][INFO] Startup wipe 40/64 deleted +0 total 4 active 0/3
[2026-03-13 15:08:26][INFO] Startup wipe 50/64 deleted +0 total 4 active 0/3
[2026-03-13 15:08:35][INFO] Startup wipe 60/64 deleted +0 total 4 active 0/3
[2026-03-13 15:08:38][INFO] Startup wipe 64/64 deleted +0 total 4 active 0/3
[2026-03-13 15:08:38][INFO] Startup wipe finished deleted total 4
[2026-03-13 15:08:43][INFO] Spawning 1/3 in 203339ms
[2026-03-13 15:11:11][INFO] Shutdown wipe deleted 0 objects
[2026-03-13 15:12:41][INFO] MissionServer init
[2026-03-13 15:13:30][INFO] Startup wipe 10/64 deleted +0 total 0 active 0/3
[2026-03-13 15:13:39][INFO] Startup wipe 20/64 deleted +0 total 0 active 0/3
[2026-03-13 15:13:49][INFO] Startup wipe 30/64 deleted +0 total 0 active 0/3
[2026-03-13 15:13:57][INFO] Startup wipe 40/64 deleted +0 total 0 active 0/3
[2026-03-13 15:14:08][INFO] Startup wipe 50/64 deleted +0 total 0 active 0/3
[2026-03-13 15:14:17][INFO] Startup wipe 60/64 deleted +0 total 0 active 0/3
[2026-03-13 15:14:20][INFO] Startup wipe 64/64 deleted +0 total 0 active 0/3
[2026-03-13 15:14:20][INFO] Startup wipe finished deleted total 0
[2026-03-13 15:14:25][INFO] Spawning 1/3 in 142275ms
[2026-03-13 15:16:47][INFO] Calling SpawnSite 1/3
[2026-03-13 15:16:47][INFO] Valid crash site found: 11415.8,9351.48 (attempt 1/500)
[2026-03-13 15:16:47][INFO] Using generated crash site: <11415.800781, 80.655182, 9351.477539>
[2026-03-13 15:16:52][INFO] Spawn confirmed active 1/3
[2026-03-13 15:16:57][INFO] Spawning 2/3 in 285421ms
[2026-03-13 15:21:43][INFO] Calling SpawnSite 2/3
[2026-03-13 15:21:43][INFO] Valid crash site found: 2675.35,6806.85 (attempt 1/500)
[2026-03-13 15:21:43][INFO] Using generated crash site: <2675.351563, 361.769989, 6806.852051>
[2026-03-13 15:21:43][INFO] Spawning 3/3 in 265810ms
[2026-03-13 15:21:48][INFO] Spawn confirmed active 2/3
[2026-03-13 15:26:09][INFO] Calling SpawnSite 3/3
[2026-03-13 15:26:09][INFO] Valid crash site found: 4203.92,3177.26 (attempt 6/500)
[2026-03-13 15:26:09][INFO] Using generated crash site: <4203.920898, 49.903503, 3177.263672>
[2026-03-13 15:26:14][INFO] Spawn confirmed active 3/3
[2026-03-13 15:26:19][INFO] Active crashes 3/3 no spawn
[2026-03-13 15:26:43][INFO] Active crashes 3/3 no spawn
[2026-03-13 15:27:43][INFO] Active crashes 3/3 no spawn
[2026-03-13 15:28:43][INFO] Active crashes 3/3 no spawn
[2026-03-13 15:29:43][INFO] Active crashes 3/3 no spawn
[2026-03-13 15:30:43][INFO] Active crashes 3/3 no spawn
[2026-03-13 15:31:43][INFO] Active crashes 3/3 no spawn
[2026-03-13 15:32:43][INFO] Active crashes 3/3 no spawn
[2026-03-13 15:33:43][INFO] Active crashes 3/3 no spawn
[2026-03-13 15:34:43][INFO] Active crashes 3/3 no spawn
[2026-03-13 15:35:51][INFO] Shutdown wipe deleted 8 objects
[2026-03-13 16:26:42][INFO] MissionServer init
[2026-03-13 16:27:31][INFO] Startup wipe 10/64 deleted +2 total 2 active 2/2
[2026-03-13 16:27:40][INFO] Startup wipe 20/64 deleted +0 total 2 active 2/2
[2026-03-13 16:27:46][INFO] Startup wipe 26/64 deleted +2 total 4 active 1/2
[2026-03-13 16:27:50][INFO] Startup wipe 30/64 deleted +0 total 4 active 1/2
[2026-03-13 16:27:57][INFO] Startup wipe 38/64 deleted +2 total 6 active 0/2
[2026-03-13 16:27:58][INFO] Startup wipe 40/64 deleted +0 total 6 active 0/2
[2026-03-13 16:28:09][INFO] Startup wipe 50/64 deleted +0 total 6 active 0/2
[2026-03-13 16:28:18][INFO] Startup wipe 60/64 deleted +0 total 6 active 0/2
[2026-03-13 16:28:21][INFO] Startup wipe 64/64 deleted +0 total 6 active 0/2
[2026-03-13 16:28:21][INFO] Startup wipe finished deleted total 6
[2026-03-13 16:28:26][INFO] Spawning 1/2 in 122763ms
[2026-03-13 16:30:29][INFO] Calling SpawnSite 1/2
[2026-03-13 16:30:29][INFO] Valid crash site found: 6186.7,8153.98 (attempt 16/500)
[2026-03-13 16:30:29][INFO] Using generated crash site: <6186.699219, 337.030914, 8153.982910>
[2026-03-13 16:30:34][INFO] Spawn confirmed active 1/2
[2026-03-13 16:30:39][INFO] Spawning 2/2 in 279466ms
[2026-03-13 16:34:00][INFO] Shutdown wipe deleted 2 objects
[2026-03-14 02:46:49][INFO] MissionServer init
[2026-03-14 02:48:13][INFO] Startup wipe 10/64 deleted +0 total 0 active 1/2
[2026-03-14 02:48:24][INFO] Startup wipe 20/64 deleted +0 total 0 active 1/2
[2026-03-14 02:48:33][INFO] Startup wipe 28/64 deleted +2 total 2 active 0/2
[2026-03-14 02:48:36][INFO] Startup wipe 30/64 deleted +0 total 2 active 0/2
[2026-03-14 02:48:45][INFO] Startup wipe 40/64 deleted +0 total 2 active 0/2
[2026-03-14 02:48:59][INFO] Startup wipe 50/64 deleted +0 total 2 active 0/2
[2026-03-14 02:49:10][INFO] Startup wipe 60/64 deleted +0 total 2 active 0/2
[2026-03-14 02:49:13][INFO] Startup wipe 64/64 deleted +0 total 2 active 0/2
[2026-03-14 02:49:13][INFO] Startup wipe finished deleted total 2
[2026-03-14 02:49:18][INFO] Spawning 1/2 in 264557ms
[2026-03-14 02:53:42][INFO] Calling SpawnSite 1/2
[2026-03-14 02:53:42][INFO] Valid crash site found: 10972.6,2862.5 (attempt 2/500)
[2026-03-14 02:53:42][INFO] Using generated crash site: <10972.601563, 6.893591, 2862.498291>
[2026-03-14 02:53:47][INFO] Spawn confirmed active 1/2
[2026-03-14 02:53:52][INFO] Spawning 2/2 in 191446ms
[2026-03-14 02:57:04][INFO] Calling SpawnSite 2/2
[2026-03-14 02:57:04][INFO] Valid crash site found: 9316.01,2199.94 (attempt 5/500)
[2026-03-14 02:57:04][INFO] Using generated crash site: <9316.005859, 29.700855, 2199.941406>
[2026-03-14 02:57:09][INFO] Spawn confirmed active 2/2
[2026-03-14 02:57:14][INFO] Active crashes 2/2 no spawn
[2026-03-14 02:57:36][INFO] Active crashes 2/2 no spawn
[2026-03-14 02:58:36][INFO] Active crashes 2/2 no spawn
[2026-03-14 02:59:21][INFO] Shutdown wipe deleted 8 objects
[2026-03-14 03:36:40][INFO] MissionServer init
[2026-03-14 03:37:29][INFO] Startup wipe 5/64 deleted +2 total 2 active 1/2
[2026-03-14 03:37:33][INFO] Startup wipe 10/64 deleted +0 total 2 active 1/2
[2026-03-14 03:37:37][INFO] Startup wipe 14/64 deleted +2 total 4 active 0/2
[2026-03-14 03:37:42][INFO] Startup wipe 20/64 deleted +0 total 4 active 0/2
[2026-03-14 03:37:53][INFO] Startup wipe 30/64 deleted +0 total 4 active 0/2
[2026-03-14 03:38:01][INFO] Startup wipe 40/64 deleted +0 total 4 active 0/2
[2026-03-14 03:38:12][INFO] Startup wipe 50/64 deleted +0 total 4 active 0/2
[2026-03-14 03:38:22][INFO] Startup wipe 60/64 deleted +0 total 4 active 0/2
[2026-03-14 03:38:25][INFO] Startup wipe 64/64 deleted +0 total 4 active 0/2
[2026-03-14 03:38:25][INFO] Startup wipe finished deleted total 4
[2026-03-14 03:38:30][INFO] Spawning 1/2 in 222466ms
[2026-03-14 03:42:12][INFO] Calling SpawnSite 1/2
[2026-03-14 03:42:12][INFO] Valid crash site found: 8511.97,11204.6 (attempt 13/500)
[2026-03-14 03:42:12][INFO] Using generated crash site: <8511.967773, 245.751068, 11204.598633>
[2026-03-14 03:42:17][INFO] Spawn confirmed active 1/2
[2026-03-14 03:42:22][INFO] Spawning 2/2 in 169766ms
[2026-03-14 03:45:01][INFO] Shutdown wipe deleted 2 objects
[2026-03-14 04:01:17][INFO] MissionServer init
[2026-03-14 04:02:11][INFO] Startup wipe 10/64 deleted +0 total 0 active 1/2
[2026-03-14 04:02:21][INFO] Startup wipe 20/64 deleted +0 total 0 active 1/2
[2026-03-14 04:02:32][INFO] Startup wipe 30/64 deleted +0 total 0 active 1/2
[2026-03-14 04:02:40][INFO] Startup wipe 40/64 deleted +0 total 0 active 1/2
[2026-03-14 04:02:47][INFO] Startup wipe 45/64 deleted +2 total 2 active 0/2
[2026-03-14 04:02:52][INFO] Startup wipe 50/64 deleted +0 total 2 active 0/2
[2026-03-14 04:03:02][INFO] Startup wipe 60/64 deleted +0 total 2 active 0/2
[2026-03-14 04:03:05][INFO] Startup wipe 64/64 deleted +0 total 2 active 0/2
[2026-03-14 04:03:05][INFO] Startup wipe finished deleted total 2
[2026-03-14 04:03:10][INFO] Spawning 1/2 in 108205ms
[2026-03-14 04:04:58][INFO] Calling SpawnSite 1/2
[2026-03-14 04:04:58][INFO] Valid crash site found: 12569.7,8628.98 (attempt 14/500)
[2026-03-14 04:04:58][INFO] Using generated crash site: <12569.668945, 21.473246, 8628.984375>
[2026-03-14 04:05:03][INFO] Spawn confirmed active 1/2
[2026-03-14 04:05:08][INFO] Spawning 2/2 in 120862ms
[2026-03-14 04:06:30][INFO] Shutdown wipe deleted 4 objects
[2026-03-15 23:29:31][INFO] MissionServer init
[2026-03-15 23:30:06][INFO] Startup wipe 10/64 deleted +0 total 0 active 1/2
[2026-03-15 23:30:14][INFO] Startup wipe 20/64 deleted +0 total 0 active 1/2
[2026-03-15 23:30:22][INFO] Startup wipe 30/64 deleted +0 total 0 active 1/2
[2026-03-15 23:30:28][INFO] Startup wipe 39/64 deleted +2 total 2 active 0/2
[2026-03-15 23:30:28][INFO] Startup wipe 40/64 deleted +0 total 2 active 0/2
[2026-03-15 23:30:37][INFO] Startup wipe 50/64 deleted +0 total 2 active 0/2
[2026-03-15 23:30:45][INFO] Startup wipe 60/64 deleted +0 total 2 active 0/2
[2026-03-15 23:30:47][INFO] Startup wipe 64/64 deleted +0 total 2 active 0/2
[2026-03-15 23:30:47][INFO] Startup wipe finished deleted total 2
[2026-03-15 23:30:52][INFO] Spawning 1/2 in 142804ms
[2026-03-15 23:31:51][INFO] Shutdown wipe deleted 0 objects
[2026-03-15 23:53:34][INFO] MissionServer init
[2026-03-15 23:54:18][INFO] Startup wipe 10/64 deleted +0 total 0 active 0/2
[2026-03-15 23:54:25][INFO] Startup wipe 20/64 deleted +0 total 0 active 0/2
[2026-03-15 23:54:35][INFO] Startup wipe 30/64 deleted +0 total 0 active 0/2
[2026-03-15 23:54:43][INFO] Startup wipe 40/64 deleted +0 total 0 active 0/2
[2026-03-15 23:54:56][INFO] Startup wipe 50/64 deleted +0 total 0 active 0/2
[2026-03-15 23:55:05][INFO] Startup wipe 60/64 deleted +0 total 0 active 0/2
[2026-03-15 23:55:08][INFO] Startup wipe 64/64 deleted +0 total 0 active 0/2
[2026-03-15 23:55:08][INFO] Startup wipe finished deleted total 0
[2026-03-15 23:55:13][INFO] Spawning 1/2 in 127022ms
[2026-03-15 23:57:20][INFO] Calling SpawnSite 1/2
[2026-03-15 23:57:21][INFO] Valid crash site found: 4474.65,8626.95 (attempt 7/500)
[2026-03-15 23:57:21][INFO] Using generated crash site: <4474.651855, 319.927551, 8626.946289>
[2026-03-15 23:57:25][INFO] Spawn confirmed active 1/2
[2026-03-15 23:57:30][INFO] Spawning 2/2 in 126800ms
[2026-03-15 23:59:37][INFO] Calling SpawnSite 2/2
[2026-03-15 23:59:37][INFO] Valid crash site found: 7511.4,11675.5 (attempt 33/500)
[2026-03-15 23:59:37][INFO] Using generated crash site: <7511.404785, 294.717651, 11675.523438>
[2026-03-15 23:59:42][INFO] Spawn confirmed active 2/2
[2026-03-15 23:59:47][INFO] Active crashes 2/2 no spawn
[2026-03-16 00:00:31][INFO] Active crashes 2/2 no spawn
[2026-03-16 00:06:13][INFO] MissionServer init
[2026-03-16 00:07:08][INFO] Startup wipe 10/64 deleted +0 total 0 active 2/2
[2026-03-16 00:07:17][INFO] Startup wipe 20/64 deleted +0 total 0 active 2/2
[2026-03-16 00:07:28][INFO] Startup wipe 30/64 deleted +0 total 0 active 2/2
[2026-03-16 00:07:33][INFO] Startup wipe 35/64 deleted +2 total 2 active 1/2
[2026-03-16 00:07:36][INFO] Startup wipe 40/64 deleted +0 total 2 active 1/2
[2026-03-16 00:07:40][INFO] Startup wipe 44/64 deleted +2 total 4 active 0/2
[2026-03-16 00:07:45][INFO] Startup wipe 50/64 deleted +0 total 4 active 0/2
[2026-03-16 00:07:53][INFO] Startup wipe 60/64 deleted +0 total 4 active 0/2
[2026-03-16 00:07:56][INFO] Startup wipe 64/64 deleted +0 total 4 active 0/2
[2026-03-16 00:07:56][INFO] Startup wipe finished deleted total 4
[2026-03-16 00:08:00][INFO] Spawning 1/2 in 122041ms
[2026-03-16 00:10:02][INFO] Calling SpawnSite 1/2
[2026-03-16 00:10:02][INFO] Valid crash site found: 1861.12,12546 (attempt 1/500)
[2026-03-16 00:10:02][INFO] Using generated crash site: <1861.120117, 277.098999, 12546.020508>
[2026-03-16 00:10:07][INFO] Spawn confirmed active 1/2
[2026-03-16 00:10:12][INFO] Spawning 2/2 in 124348ms
[2026-03-16 00:12:17][INFO] Calling SpawnSite 2/2
[2026-03-16 00:12:17][INFO] Valid crash site found: 9561.46,12106.5 (attempt 5/500)
[2026-03-16 00:12:17][INFO] Using generated crash site: <9561.457031, 234.252853, 12106.491211>
[2026-03-16 00:12:18][INFO] Active crashes 2/2 no spawn
[2026-03-16 00:12:22][INFO] Spawn confirmed active 2/2
[2026-03-16 00:12:27][INFO] Active crashes 2/2 no spawn
[2026-03-16 00:13:18][INFO] Active crashes 2/2 no spawn
[2026-03-16 00:14:18][INFO] Active crashes 2/2 no spawn
[2026-03-16 00:15:18][INFO] Active crashes 2/2 no spawn
[2026-03-16 00:16:18][INFO] Active crashes 2/2 no spawn
[2026-03-16 00:17:17][INFO] Shutdown wipe deleted 8 objects
[2026-03-16 04:00:01][INFO] MissionServer init
[2026-03-16 04:00:45][INFO] Startup wipe 10/64 deleted +0 total 0 active 0/2
[2026-03-16 04:00:55][INFO] Startup wipe 20/64 deleted +0 total 0 active 0/2
[2026-03-16 04:01:04][INFO] Startup wipe 30/64 deleted +0 total 0 active 0/2
[2026-03-16 04:01:12][INFO] Startup wipe 40/64 deleted +0 total 0 active 0/2
[2026-03-16 04:01:20][INFO] Startup wipe 50/64 deleted +0 total 0 active 0/2
[2026-03-16 04:01:27][INFO] Startup wipe 60/64 deleted +0 total 0 active 0/2
[2026-03-16 04:01:29][INFO] Startup wipe 64/64 deleted +0 total 0 active 0/2
[2026-03-16 04:01:29][INFO] Startup wipe finished deleted total 0
[2026-03-16 04:01:34][INFO] Spawning 1/2 in 103746ms
[2026-03-16 04:03:18][INFO] Calling SpawnSite 1/2
[2026-03-16 04:03:18][INFO] Valid crash site found: 9802.02,2621.12 (attempt 7/500)
[2026-03-16 04:03:18][INFO] Using generated crash site: <9802.016602, 78.706093, 2621.123535>
[2026-03-16 04:03:23][INFO] Spawn confirmed active 1/2
[2026-03-16 04:03:28][INFO] Spawning 2/2 in 105800ms
[2026-03-16 04:05:14][INFO] Calling SpawnSite 2/2
[2026-03-16 04:05:14][INFO] Valid crash site found: 2849.45,11693.1 (attempt 9/500)
[2026-03-16 04:05:14][INFO] Using generated crash site: <2849.451172, 265.016296, 11693.055664>
[2026-03-16 04:05:19][INFO] Spawn confirmed active 2/2
[2026-03-16 04:05:24][INFO] Active crashes 2/2 no spawn
[2026-03-16 04:05:52][INFO] Active crashes 2/2 no spawn
[2026-03-16 04:06:52][INFO] Active crashes 2/2 no spawn
[2026-03-16 04:07:52][INFO] Active crashes 2/2 no spawn
[2026-03-16 04:43:58][INFO] MissionServer init
[2026-03-16 04:44:40][INFO] Startup wipe 10/64 deleted +0 total 0 active 2/2
[2026-03-16 04:44:43][INFO] Startup wipe 13/64 deleted +2 total 2 active 1/2
[2026-03-16 04:44:50][INFO] Startup wipe 20/64 deleted +0 total 2 active 1/2
[2026-03-16 04:44:59][INFO] Startup wipe 30/64 deleted +0 total 2 active 1/2
[2026-03-16 04:45:05][INFO] Startup wipe 40/64 deleted +0 total 2 active 1/2
[2026-03-16 04:45:07][INFO] Startup wipe 42/64 deleted +2 total 4 active 0/2
[2026-03-16 04:45:15][INFO] Startup wipe 50/64 deleted +0 total 4 active 0/2
[2026-03-16 04:45:22][INFO] Startup wipe 60/64 deleted +0 total 4 active 0/2
[2026-03-16 04:45:24][INFO] Startup wipe 64/64 deleted +0 total 4 active 0/2
[2026-03-16 04:45:24][INFO] Startup wipe finished deleted total 4
[2026-03-16 04:45:29][INFO] Spawning 1/2 in 147794ms
[2026-03-16 04:47:57][INFO] Calling SpawnSite 1/2
[2026-03-16 04:47:57][INFO] Valid crash site found: 3969.48,9817.1 (attempt 5/500)
[2026-03-16 04:47:57][INFO] Using generated crash site: <3969.477783, 365.583527, 9817.102539>
[2026-03-16 04:48:02][INFO] Spawn confirmed active 1/2
[2026-03-16 04:48:07][INFO] Spawning 2/2 in 109807ms
[2026-03-16 04:49:57][INFO] Calling SpawnSite 2/2
[2026-03-16 04:49:57][INFO] Valid crash site found: 2089.04,11165.9 (attempt 1/500)
[2026-03-16 04:49:57][INFO] Using generated crash site: <2089.039551, 258.223175, 11165.865234>
[2026-03-16 04:50:02][INFO] Spawn confirmed active 2/2
[2026-03-16 04:50:07][INFO] Active crashes 2/2 no spawn
[2026-03-16 04:50:47][INFO] Active crashes 2/2 no spawn
[2026-03-16 04:51:47][INFO] Active crashes 2/2 no spawn
[2026-03-16 04:52:47][INFO] Active crashes 2/2 no spawn
[2026-03-16 04:53:47][INFO] Active crashes 2/2 no spawn
[2026-03-16 04:54:47][INFO] Active crashes 2/2 no spawn
[2026-03-16 04:56:11][INFO] Shutdown wipe deleted 8 objects
[2026-03-17 11:29:33][INFO] MissionServer init
[2026-03-17 11:30:36][INFO] Startup wipe 10/64 deleted +0 total 0 active 2/2
[2026-03-17 11:30:48][INFO] Startup wipe 20/64 deleted +0 total 0 active 2/2
[2026-03-17 11:31:01][INFO] Startup wipe 30/64 deleted +0 total 0 active 2/2
[2026-03-17 11:31:06][INFO] Startup wipe 34/64 deleted +2 total 2 active 1/2
[2026-03-17 11:31:10][INFO] Startup wipe 40/64 deleted +0 total 2 active 1/2
[2026-03-17 11:31:12][INFO] Startup wipe 41/64 deleted +2 total 4 active 0/2
[2026-03-17 11:31:23][INFO] Startup wipe 50/64 deleted +0 total 4 active 0/2
[2026-03-17 11:31:33][INFO] Startup wipe 60/64 deleted +0 total 4 active 0/2
[2026-03-17 11:31:36][INFO] Startup wipe 64/64 deleted +0 total 4 active 0/2
[2026-03-17 11:31:36][INFO] Startup wipe finished deleted total 4
[2026-03-17 11:31:41][INFO] Spawning 1/2 in 112030ms
[2026-03-17 11:33:33][INFO] Calling SpawnSite 1/2
[2026-03-17 11:33:33][INFO] Valid crash site found: 8321.15,7027.43 (attempt 1/500)
[2026-03-17 11:33:33][INFO] Using generated crash site: <8321.151367, 352.367554, 7027.432617>
[2026-03-17 11:33:38][INFO] Spawn confirmed active 1/2
[2026-03-17 11:33:43][INFO] Spawning 2/2 in 104724ms
[2026-03-17 11:35:28][INFO] Calling SpawnSite 2/2
[2026-03-17 11:35:28][INFO] Valid crash site found: 10445,10020.2 (attempt 5/500)
[2026-03-17 11:35:28][INFO] Using generated crash site: <10445.002930, 116.688263, 10020.151367>
[2026-03-17 11:35:33][INFO] Spawn confirmed active 2/2
[2026-03-17 11:35:38][INFO] Active crashes 2/2 no spawn
[2026-03-17 11:35:59][INFO] Active crashes 2/2 no spawn
[2026-03-17 11:36:59][INFO] Active crashes 2/2 no spawn
[2026-03-17 11:37:59][INFO] Active crashes 2/2 no spawn
[2026-03-17 11:38:59][INFO] Active crashes 2/2 no spawn
[2026-03-17 11:39:59][INFO] Active crashes 2/2 no spawn
[2026-03-17 11:40:59][INFO] Active crashes 2/2 no spawn
[2026-03-17 11:41:59][INFO] Active crashes 2/2 no spawn
[2026-03-17 11:42:59][INFO] Active crashes 2/2 no spawn
[2026-03-17 11:43:59][INFO] Active crashes 2/2 no spawn
[2026-03-17 11:44:59][INFO] Spawning 2/2 in 120224ms
[2026-03-17 11:46:43][INFO] Shutdown wipe deleted 4 objects
[2026-03-17 18:30:51][INFO] MissionServer init
[2026-03-17 18:33:27][INFO] MissionServer init
[2026-03-17 18:41:00][INFO] MissionServer init
[2026-03-17 19:25:14][INFO] MissionServer init
[2026-03-17 19:27:47][INFO] MissionServer init
[2026-03-17 19:36:30][INFO] MissionServer init
[2026-03-17 19:37:09][INFO] Startup wipe 10/64 deleted +0 total 0 active 0/2
[2026-03-17 19:37:16][INFO] Startup wipe 20/64 deleted +0 total 0 active 0/2
[2026-03-17 19:37:23][INFO] Startup wipe 30/64 deleted +0 total 0 active 0/2
[2026-03-17 19:37:31][INFO] Startup wipe 40/64 deleted +0 total 0 active 0/2
[2026-03-17 19:37:41][INFO] Startup wipe 50/64 deleted +0 total 0 active 0/2
[2026-03-17 19:37:49][INFO] Startup wipe 60/64 deleted +0 total 0 active 0/2
[2026-03-17 19:37:51][INFO] Startup wipe 64/64 deleted +0 total 0 active 0/2
[2026-03-17 19:37:51][INFO] Startup wipe finished deleted total 0
[2026-03-17 19:37:56][INFO] Spawning 1/2 in 110151ms
[2026-03-17 19:39:46][INFO] Calling SpawnSite 1/2
[2026-03-17 19:39:46][INFO] Valid crash site found: 1992.82,3728.51 (attempt 7/500)
[2026-03-17 19:39:46][INFO] Using generated crash site: <1992.815918, 132.866928, 3728.510986>
[2026-03-17 19:39:51][INFO] Spawn confirmed active 1/2
[2026-03-17 19:39:56][INFO] Spawning 2/2 in 92413ms
[2026-03-17 19:41:28][INFO] Calling SpawnSite 2/2
[2026-03-17 19:41:28][INFO] Valid crash site found: 2693.29,8297.5 (attempt 1/500)
[2026-03-17 19:41:28][INFO] Using generated crash site: <2693.291504, 299.494598, 8297.503906>
[2026-03-17 19:41:33][INFO] Spawn confirmed active 2/2
[2026-03-17 19:41:38][INFO] Active crashes 2/2 no spawn
[2026-03-17 19:42:14][INFO] Active crashes 2/2 no spawn
[2026-03-17 19:43:14][INFO] Active crashes 2/2 no spawn
[2026-03-17 19:44:14][INFO] Active crashes 2/2 no spawn
[2026-03-17 19:45:14][INFO] Active crashes 2/2 no spawn
[2026-03-17 19:46:14][INFO] Active crashes 2/2 no spawn
[2026-03-17 19:47:14][INFO] Active crashes 2/2 no spawn
[2026-03-17 19:48:14][INFO] Active crashes 2/2 no spawn
[2026-03-17 19:49:14][INFO] Active crashes 2/2 no spawn
[2026-03-17 19:50:14][INFO] Active crashes 2/2 no spawn
[2026-03-17 19:51:14][INFO] Active crashes 2/2 no spawn
[2026-03-17 19:52:14][INFO] Active crashes 2/2 no spawn
[2026-03-17 19:53:14][INFO] Active crashes 2/2 no spawn
[2026-03-17 19:54:14][INFO] Active crashes 2/2 no spawn
[2026-03-17 19:55:51][INFO] MissionServer init
[2026-03-17 19:56:45][INFO] MissionServer init
[2026-03-17 19:57:23][INFO] Startup wipe 9/64 deleted +2 total 2 active 1/2
[2026-03-17 19:57:24][INFO] Startup wipe 10/64 deleted +0 total 2 active 1/2
[2026-03-17 19:57:32][INFO] Startup wipe 20/64 deleted +0 total 2 active 1/2
[2026-03-17 19:57:38][INFO] Startup wipe 26/64 deleted +2 total 4 active 0/2
[2026-03-17 19:57:41][INFO] Startup wipe 30/64 deleted +0 total 4 active 0/2
[2026-03-17 19:57:48][INFO] Startup wipe 40/64 deleted +0 total 4 active 0/2
[2026-03-17 19:57:58][INFO] Startup wipe 50/64 deleted +0 total 4 active 0/2
[2026-03-17 19:58:06][INFO] Startup wipe 60/64 deleted +0 total 4 active 0/2
[2026-03-17 19:58:09][INFO] Startup wipe 64/64 deleted +0 total 4 active 0/2
[2026-03-17 19:58:09][INFO] Startup wipe finished deleted total 4
[2026-03-17 19:58:14][INFO] Spawning 1/2 in 144051ms
[2026-03-17 20:01:06][INFO] MissionServer init
[2026-03-17 20:02:17][INFO] MissionServer init
[2026-03-17 20:02:57][INFO] Startup wipe 10/64 deleted +0 total 0 active 0/2
[2026-03-17 20:03:05][INFO] Startup wipe 20/64 deleted +0 total 0 active 0/2
[2026-03-17 20:03:15][INFO] Startup wipe 30/64 deleted +0 total 0 active 0/2
[2026-03-17 20:03:23][INFO] Startup wipe 40/64 deleted +0 total 0 active 0/2
[2026-03-17 20:03:33][INFO] Startup wipe 50/64 deleted +0 total 0 active 0/2
[2026-03-17 20:03:41][INFO] Startup wipe 60/64 deleted +0 total 0 active 0/2
[2026-03-17 20:03:43][INFO] Startup wipe 64/64 deleted +0 total 0 active 0/2
[2026-03-17 20:03:43][INFO] Startup wipe finished deleted total 0
[2026-03-17 20:03:48][INFO] Spawning 1/2 in 144155ms
[2026-03-17 20:06:12][INFO] Calling SpawnSite 1/2
[2026-03-17 20:06:12][INFO] Valid crash site found: 4534.59,6232.36 (attempt 1/500)
[2026-03-17 20:06:12][INFO] Using generated crash site: <4534.587891, 293.624420, 6232.364258>
[2026-03-17 20:06:17][INFO] Spawn confirmed active 1/2
[2026-03-17 20:06:22][INFO] Spawning 2/2 in 112290ms
[2026-03-17 20:08:15][INFO] Calling SpawnSite 2/2
[2026-03-17 20:08:15][INFO] Valid crash site found: 8818.17,6105.15 (attempt 1/500)
[2026-03-17 20:08:15][INFO] Using generated crash site: <8818.170898, 331.078033, 6105.153320>
[2026-03-17 20:08:20][INFO] Spawn confirmed active 2/2
[2026-03-17 20:08:25][INFO] Active crashes 2/2 no spawn
[2026-03-17 20:09:06][INFO] Active crashes 2/2 no spawn
[2026-03-17 20:10:06][INFO] Active crashes 2/2 no spawn
[2026-03-17 20:11:06][INFO] Active crashes 2/2 no spawn
[2026-03-17 20:12:06][INFO] Active crashes 2/2 no spawn
[2026-03-17 20:13:06][INFO] Active crashes 2/2 no spawn
[2026-03-17 20:14:06][INFO] Active crashes 2/2 no spawn
[2026-03-17 20:15:06][INFO] Active crashes 2/2 no spawn
[2026-03-17 20:16:07][INFO] Active crashes 2/2 no spawn
[2026-03-17 20:17:07][INFO] Active crashes 2/2 no spawn
[2026-03-17 20:18:20][INFO] Shutdown wipe deleted 6 objects
[2026-03-17 20:50:39][INFO] MissionServer init
[2026-03-17 20:51:19][INFO] Startup wipe 10/64 deleted +0 total 0 active 2/2
[2026-03-17 20:51:25][INFO] Startup wipe 19/64 deleted +2 total 2 active 1/2
[2026-03-17 20:51:26][INFO] Startup wipe 20/64 deleted +0 total 2 active 1/2
[2026-03-17 20:51:27][INFO] Startup wipe 21/64 deleted +2 total 4 active 0/2
[2026-03-17 20:51:34][INFO] Startup wipe 30/64 deleted +0 total 4 active 0/2
[2026-03-17 20:51:40][INFO] Startup wipe 40/64 deleted +0 total 4 active 0/2
[2026-03-17 20:51:50][INFO] Startup wipe 50/64 deleted +0 total 4 active 0/2
[2026-03-17 20:51:57][INFO] Startup wipe 60/64 deleted +0 total 4 active 0/2
[2026-03-17 20:51:59][INFO] Startup wipe 64/64 deleted +0 total 4 active 0/2
[2026-03-17 20:51:59][INFO] Startup wipe finished deleted total 4
[2026-03-17 20:52:04][INFO] Spawning 1/2 in 144564ms
[2026-03-17 20:54:28][INFO] Calling SpawnSite 1/2
[2026-03-17 20:54:28][INFO] Valid crash site found: 6719.6,8714.61 (attempt 2/500)
[2026-03-17 20:54:28][INFO] Using generated crash site: <6719.598145, 376.150055, 8714.608398>
[2026-03-17 20:54:33][INFO] Spawn confirmed active 1/2
[2026-03-17 20:54:38][INFO] Spawning 2/2 in 125496ms
[2026-03-17 20:56:44][INFO] Calling SpawnSite 2/2
[2026-03-17 20:56:44][INFO] Valid crash site found: 11274.7,7954.6 (attempt 2/500)
[2026-03-17 20:56:44][INFO] Using generated crash site: <11274.727539, 262.039856, 7954.604492>
[2026-03-17 20:56:49][INFO] Spawn confirmed active 2/2
[2026-03-17 20:56:54][INFO] Active crashes 2/2 no spawn
[2026-03-17 20:57:22][INFO] Active crashes 2/2 no spawn
[2026-03-17 20:58:22][INFO] Active crashes 2/2 no spawn
[2026-03-17 20:59:22][INFO] Active crashes 2/2 no spawn
[2026-03-17 21:00:22][INFO] Active crashes 2/2 no spawn
[2026-03-17 21:01:22][INFO] Active crashes 2/2 no spawn
[2026-03-17 21:02:22][INFO] Active crashes 2/2 no spawn
[2026-03-17 21:03:22][INFO] Active crashes 2/2 no spawn
[2026-03-17 21:04:22][INFO] Active crashes 2/2 no spawn
[2026-03-17 21:05:22][INFO] Active crashes 2/2 no spawn
[2026-03-17 21:06:22][INFO] Active crashes 2/2 no spawn
[2026-03-17 21:07:22][INFO] Active crashes 2/2 no spawn
[2026-03-17 21:08:04][INFO] Shutdown wipe deleted 6 objects
[2026-03-17 21:38:16][INFO] MissionServer init
[2026-03-17 21:38:56][INFO] Startup wipe 10/64 deleted +0 total 0 active 2/2
[2026-03-17 21:39:04][INFO] Startup wipe 20/64 deleted +0 total 0 active 2/2
[2026-03-17 21:39:12][INFO] Startup wipe 30/64 deleted +2 total 2 active 1/2
[2026-03-17 21:39:17][INFO] Startup wipe 36/64 deleted +2 total 4 active 0/2
[2026-03-17 21:39:19][INFO] Startup wipe 40/64 deleted +0 total 4 active 0/2
[2026-03-17 21:39:28][INFO] Startup wipe 50/64 deleted +0 total 4 active 0/2
[2026-03-17 21:39:35][INFO] Startup wipe 60/64 deleted +0 total 4 active 0/2
[2026-03-17 21:39:37][INFO] Startup wipe 64/64 deleted +0 total 4 active 0/2
[2026-03-17 21:39:37][INFO] Startup wipe finished deleted total 4
[2026-03-17 21:39:42][INFO] Spawning 1/2 in 144633ms
[2026-03-17 21:42:07][INFO] Calling SpawnSite 1/2
[2026-03-17 21:42:07][INFO] Valid crash site found: 10529.8,7320.18 (attempt 3/500)
[2026-03-17 21:42:07][INFO] Using generated crash site: <10529.809570, 155.104919, 7320.180664>
[2026-03-17 21:42:12][INFO] Spawn confirmed active 1/2
[2026-03-17 21:42:17][INFO] Spawning 2/2 in 139993ms
[2026-03-17 21:44:37][INFO] Calling SpawnSite 2/2
[2026-03-17 21:44:37][INFO] Valid crash site found: 10344.7,5931.87 (attempt 1/500)
[2026-03-17 21:44:37][INFO] Using generated crash site: <10344.701172, 280.840363, 5931.869141>
[2026-03-17 21:44:42][INFO] Spawn confirmed active 2/2
[2026-03-17 21:44:47][INFO] Active crashes 2/2 no spawn
[2026-03-17 21:45:00][INFO] Active crashes 2/2 no spawn
[2026-03-17 21:46:00][INFO] Active crashes 2/2 no spawn
[2026-03-17 21:47:00][INFO] Active crashes 2/2 no spawn
[2026-03-17 21:48:00][INFO] Active crashes 2/2 no spawn
[2026-03-17 21:49:00][INFO] Active crashes 2/2 no spawn
[2026-03-17 21:50:00][INFO] Active crashes 2/2 no spawn
[2026-03-17 21:51:00][INFO] Active crashes 2/2 no spawn
[2026-03-17 21:52:00][INFO] Active crashes 2/2 no spawn
[2026-03-17 21:53:00][INFO] Active crashes 2/2 no spawn
[2026-03-17 21:53:56][INFO] Shutdown wipe deleted 8 objects
[2026-03-17 21:58:31][INFO] MissionServer init
[2026-03-17 21:59:09][INFO] Startup wipe 10/64 deleted +0 total 0 active 2/2
[2026-03-17 21:59:17][INFO] Startup wipe 20/64 deleted +0 total 0 active 2/2
[2026-03-17 21:59:19][INFO] Startup wipe 22/64 deleted +2 total 2 active 1/2
[2026-03-17 21:59:27][INFO] Startup wipe 30/64 deleted +2 total 4 active 0/2
[2026-03-17 21:59:35][INFO] Startup wipe 40/64 deleted +0 total 4 active 0/2
[2026-03-17 21:59:50][INFO] Startup wipe 50/64 deleted +0 total 4 active 0/2
[2026-03-17 21:59:58][INFO] Startup wipe 60/64 deleted +0 total 4 active 0/2
[2026-03-17 22:00:01][INFO] Startup wipe 64/64 deleted +0 total 4 active 0/2
[2026-03-17 22:00:01][INFO] Startup wipe finished deleted total 4
[2026-03-17 22:00:06][INFO] Spawning 1/2 in 97009ms
[2026-03-17 22:01:44][INFO] Calling SpawnSite 1/2
[2026-03-17 22:01:44][INFO] Valid crash site found: 6208.31,7062.9 (attempt 1/500)
[2026-03-17 22:01:44][INFO] Using generated crash site: <6208.308105, 339.278442, 7062.904785>
[2026-03-17 22:01:49][INFO] Spawn confirmed active 1/2
[2026-03-17 22:01:54][INFO] Spawning 2/2 in 131832ms
[2026-03-17 22:02:55][INFO] MissionServer init
[2026-03-17 22:03:34][INFO] Startup wipe 10/64 deleted +0 total 0 active 1/2
[2026-03-17 22:03:41][INFO] Startup wipe 20/64 deleted +0 total 0 active 1/2
[2026-03-17 22:03:46][INFO] Startup wipe 27/64 deleted +2 total 2 active 0/2
[2026-03-17 22:03:49][INFO] Startup wipe 30/64 deleted +0 total 2 active 0/2
[2026-03-17 22:03:55][INFO] Startup wipe 40/64 deleted +0 total 2 active 0/2
[2026-03-17 22:04:04][INFO] Startup wipe 50/64 deleted +0 total 2 active 0/2
[2026-03-17 22:04:11][INFO] Startup wipe 60/64 deleted +0 total 2 active 0/2
[2026-03-17 22:04:13][INFO] Startup wipe 64/64 deleted +0 total 2 active 0/2
[2026-03-17 22:04:13][INFO] Startup wipe finished deleted total 2
[2026-03-17 22:04:17][INFO] Spawning 1/2 in 94305ms
[2026-03-17 22:05:52][INFO] Calling SpawnSite 1/2
[2026-03-17 22:05:52][INFO] Valid crash site found: 7071.06,10706.8 (attempt 9/500)
[2026-03-17 22:05:52][INFO] Using generated crash site: <7071.059082, 324.771515, 10706.763672>
[2026-03-17 22:05:57][INFO] Spawn confirmed active 1/2
[2026-03-17 22:06:02][INFO] Spawning 2/2 in 116179ms
[2026-03-17 22:07:54][INFO] Shutdown wipe deleted 4 objects
[2026-03-18 01:22:31][INFO] MissionServer init
[2026-03-18 01:23:50][INFO] Startup wipe 10/64 deleted +0 total 0 active 1/2
[2026-03-18 01:24:01][INFO] Startup wipe 20/64 deleted +0 total 0 active 1/2
[2026-03-18 01:24:12][INFO] Startup wipe 30/64 deleted +0 total 0 active 1/2
[2026-03-18 01:24:21][INFO] Startup wipe 40/64 deleted +0 total 0 active 1/2
[2026-03-18 01:24:26][INFO] Startup wipe 44/64 deleted +2 total 2 active 0/2
[2026-03-18 01:24:33][INFO] Startup wipe 50/64 deleted +0 total 2 active 0/2
[2026-03-18 01:24:43][INFO] Startup wipe 60/64 deleted +0 total 2 active 0/2
[2026-03-18 01:24:46][INFO] Startup wipe 64/64 deleted +0 total 2 active 0/2
[2026-03-18 01:24:46][INFO] Startup wipe finished deleted total 2
[2026-03-18 01:24:51][INFO] Spawning 1/2 in 90005ms
[2026-03-18 01:26:21][INFO] Calling SpawnSite 1/2
[2026-03-18 01:26:21][INFO] Valid crash site found: 10300.3,4945.98 (attempt 9/500)
[2026-03-18 01:26:21][INFO] Using generated crash site: <10300.258789, 245.085831, 4945.984375>
[2026-03-18 01:26:26][INFO] Spawn confirmed active 1/2
[2026-03-18 01:26:31][INFO] Spawning 2/2 in 132453ms
[2026-03-18 01:28:43][INFO] Calling SpawnSite 2/2
[2026-03-18 01:28:43][INFO] Valid crash site found: 6952,7608.04 (attempt 7/500)
[2026-03-18 01:28:43][INFO] Using generated crash site: <6952.002930, 292.272949, 7608.036133>
[2026-03-18 01:28:48][INFO] Spawn confirmed active 2/2
[2026-03-18 01:28:53][INFO] Active crashes 2/2 no spawn
[2026-03-18 01:29:09][INFO] Active crashes 2/2 no spawn
[2026-03-18 01:30:09][INFO] Active crashes 2/2 no spawn
[2026-03-18 01:31:09][INFO] Active crashes 2/2 no spawn
[2026-03-18 01:32:09][INFO] Active crashes 2/2 no spawn
[2026-03-18 01:33:09][INFO] Active crashes 2/2 no spawn
[2026-03-18 01:34:09][INFO] Active crashes 2/2 no spawn
[2026-03-18 01:35:09][INFO] Active crashes 2/2 no spawn
[2026-03-18 01:36:09][INFO] Active crashes 2/2 no spawn
[2026-03-18 01:37:09][INFO] Active crashes 2/2 no spawn
[2026-03-18 01:38:09][INFO] Active crashes 2/2 no spawn
[2026-03-18 01:39:28][INFO] Shutdown wipe deleted 8 objects
[2026-03-18 02:02:17][INFO] MissionServer init
[2026-03-18 02:03:21][INFO] Startup wipe 10/64 deleted +0 total 0 active 2/2
[2026-03-18 02:03:32][INFO] Startup wipe 20/64 deleted +0 total 0 active 2/2
[2026-03-18 02:03:34][INFO] Startup wipe 21/64 deleted +2 total 2 active 1/2
[2026-03-18 02:03:42][INFO] Startup wipe 28/64 deleted +2 total 4 active 0/2
[2026-03-18 02:03:44][INFO] Startup wipe 30/64 deleted +0 total 4 active 0/2
[2026-03-18 02:03:53][INFO] Startup wipe 40/64 deleted +0 total 4 active 0/2
[2026-03-18 02:04:05][INFO] Startup wipe 50/64 deleted +0 total 4 active 0/2
[2026-03-18 02:04:15][INFO] Startup wipe 60/64 deleted +0 total 4 active 0/2
[2026-03-18 02:04:18][INFO] Startup wipe 64/64 deleted +0 total 4 active 0/2
[2026-03-18 02:04:18][INFO] Startup wipe finished deleted total 4
[2026-03-18 02:04:22][INFO] Spawning 1/2 in 125551ms
[2026-03-18 02:06:28][INFO] Calling SpawnSite 1/2
[2026-03-18 02:06:28][INFO] Valid crash site found: 2234.6,10025 (attempt 1/500)
[2026-03-18 02:06:28][INFO] Using generated crash site: <2234.598145, 247.575607, 10025.043945>
[2026-03-18 02:06:33][INFO] Spawn confirmed active 1/2
[2026-03-18 02:06:38][INFO] Spawning 2/2 in 102004ms
[2026-03-18 02:08:20][INFO] Calling SpawnSite 2/2
[2026-03-18 02:08:20][INFO] Valid crash site found: 4802.06,12818 (attempt 15/500)
[2026-03-18 02:08:20][INFO] Using generated crash site: <4802.056641, 171.661728, 12817.975586>
[2026-03-18 02:08:25][INFO] Spawn confirmed active 2/2
[2026-03-18 02:08:30][INFO] Active crashes 2/2 no spawn
[2026-03-18 02:08:40][INFO] Active crashes 2/2 no spawn
[2026-03-18 02:09:40][INFO] Active crashes 2/2 no spawn
[2026-03-18 02:10:40][INFO] Active crashes 2/2 no spawn
[2026-03-18 02:11:40][INFO] Active crashes 2/2 no spawn
[2026-03-18 02:13:11][INFO] Shutdown wipe deleted 8 objects
[2026-03-18 02:22:37][INFO] MissionServer init
[2026-03-18 02:23:32][INFO] Startup wipe 10/64 deleted +0 total 0 active 2/2
[2026-03-18 02:23:42][INFO] Startup wipe 20/64 deleted +0 total 0 active 2/2
[2026-03-18 02:23:52][INFO] Startup wipe 30/64 deleted +0 total 0 active 2/2
[2026-03-18 02:23:56][INFO] Startup wipe 34/64 deleted +2 total 2 active 1/2
[2026-03-18 02:24:00][INFO] Startup wipe 40/64 deleted +0 total 2 active 1/2
[2026-03-18 02:24:12][INFO] Startup wipe 50/64 deleted +0 total 2 active 1/2
[2026-03-18 02:24:13][INFO] Startup wipe 51/64 deleted +2 total 4 active 0/2
[2026-03-18 02:24:22][INFO] Startup wipe 60/64 deleted +0 total 4 active 0/2
[2026-03-18 02:24:25][INFO] Startup wipe 64/64 deleted +0 total 4 active 0/2
[2026-03-18 02:24:25][INFO] Startup wipe finished deleted total 4
[2026-03-18 02:24:30][INFO] Spawning 1/2 in 146113ms
[2026-03-18 02:26:56][INFO] Calling SpawnSite 1/2
[2026-03-18 02:26:56][INFO] Valid crash site found: 2899.19,10456.8 (attempt 3/500)
[2026-03-18 02:26:56][INFO] Using generated crash site: <2899.193848, 308.228821, 10456.826172>
[2026-03-18 02:27:01][INFO] Spawn confirmed active 1/2
[2026-03-18 02:27:06][INFO] Spawning 2/2 in 132775ms
[2026-03-18 02:29:18][INFO] Calling SpawnSite 2/2
[2026-03-18 02:29:18][INFO] Valid crash site found: 6364.06,6183.44 (attempt 3/500)
[2026-03-18 02:29:18][INFO] Using generated crash site: <6364.060059, 317.890686, 6183.437012>
[2026-03-18 02:29:23][INFO] Spawn confirmed active 2/2
[2026-03-18 02:29:28][INFO] Active crashes 2/2 no spawn
[2026-03-18 02:29:47][INFO] Active crashes 2/2 no spawn
[2026-03-18 02:30:47][INFO] Active crashes 2/2 no spawn
[2026-03-18 02:31:47][INFO] Active crashes 2/2 no spawn
[2026-03-18 02:32:47][INFO] Active crashes 2/2 no spawn
[2026-03-18 02:33:47][INFO] Active crashes 2/2 no spawn
[2026-03-18 02:34:48][INFO] Active crashes 2/2 no spawn
[2026-03-18 02:35:38][INFO] Shutdown wipe deleted 6 objects
[2026-03-18 04:04:09][INFO] MissionServer init
[2026-03-18 04:13:29][INFO] MissionServer init
[2026-03-18 04:14:22][INFO] Startup wipe 10/64 deleted +0 total 0 active 2/2
[2026-03-18 04:14:32][INFO] Startup wipe 20/64 deleted +2 total 2 active 1/2
[2026-03-18 04:14:43][INFO] Startup wipe 30/64 deleted +0 total 2 active 1/2
[2026-03-18 04:14:46][INFO] Startup wipe 34/64 deleted +2 total 4 active 0/2
[2026-03-18 04:14:51][INFO] Startup wipe 40/64 deleted +0 total 4 active 0/2
[2026-03-18 04:15:02][INFO] Startup wipe 50/64 deleted +0 total 4 active 0/2
[2026-03-18 04:15:12][INFO] Startup wipe 60/64 deleted +0 total 4 active 0/2
[2026-03-18 04:15:15][INFO] Startup wipe 64/64 deleted +0 total 4 active 0/2
[2026-03-18 04:15:15][INFO] Startup wipe finished deleted total 4
[2026-03-18 04:15:20][INFO] Spawning 1/2 in 112702ms
[2026-03-18 04:17:13][INFO] Calling SpawnSite 1/2
[2026-03-18 04:17:13][INFO] Valid crash site found: 3749.3,9401.63 (attempt 3/500)
[2026-03-18 04:17:13][INFO] Using generated crash site: <3749.304932, 323.039215, 9401.628906>
[2026-03-18 04:17:18][INFO] Spawn confirmed active 1/2
[2026-03-18 04:17:23][INFO] Spawning 2/2 in 131885ms
[2026-03-18 04:19:35][INFO] Calling SpawnSite 2/2
[2026-03-18 04:19:35][INFO] Valid crash site found: 4517.06,13135.6 (attempt 2/500)
[2026-03-18 04:19:35][INFO] Using generated crash site: <4517.055664, 178.418472, 13135.594727>
[2026-03-18 04:19:38][INFO] Active crashes 2/2 no spawn
[2026-03-18 04:19:40][INFO] Spawn confirmed active 2/2
[2026-03-18 04:19:45][INFO] Active crashes 2/2 no spawn
[2026-03-18 04:20:38][INFO] Active crashes 2/2 no spawn
[2026-03-18 04:21:38][INFO] Active crashes 2/2 no spawn
[2026-03-18 04:22:38][INFO] Active crashes 2/2 no spawn
[2026-03-18 04:23:38][INFO] Active crashes 2/2 no spawn
[2026-03-18 04:24:38][INFO] Active crashes 2/2 no spawn
[2026-03-18 04:25:38][INFO] Active crashes 2/2 no spawn
[2026-03-18 04:26:38][INFO] Active crashes 2/2 no spawn
[2026-03-18 04:27:38][INFO] Active crashes 2/2 no spawn
[2026-03-18 04:28:38][INFO] Active crashes 2/2 no spawn
[2026-03-18 04:29:38][INFO] Active crashes 2/2 no spawn
[2026-03-18 04:30:38][INFO] Active crashes 2/2 no spawn
[2026-03-18 04:31:38][INFO] Active crashes 2/2 no spawn
[2026-03-18 04:32:38][INFO] Active crashes 2/2 no spawn
[2026-03-18 04:33:38][INFO] Active crashes 2/2 no spawn
[2026-03-18 04:34:38][INFO] Active crashes 2/2 no spawn
[2026-03-18 04:35:38][INFO] Active crashes 2/2 no spawn
[2026-03-18 04:36:38][INFO] Active crashes 2/2 no spawn
[2026-03-18 04:37:38][INFO] Active crashes 2/2 no spawn
[2026-03-18 04:38:38][INFO] Active crashes 2/2 no spawn
[2026-03-18 04:40:03][INFO] Shutdown wipe deleted 8 objects
[2026-03-18 04:42:45][INFO] MissionServer init
[2026-03-18 04:43:40][INFO] Startup wipe 10/64 deleted +0 total 0 active 2/2
[2026-03-18 04:43:50][INFO] Startup wipe 20/64 deleted +0 total 0 active 2/2
[2026-03-18 04:44:00][INFO] Startup wipe 30/64 deleted +0 total 0 active 2/2
[2026-03-18 04:44:04][INFO] Startup wipe 34/64 deleted +2 total 2 active 1/2
[2026-03-18 04:44:08][INFO] Startup wipe 40/64 deleted +0 total 2 active 1/2
[2026-03-18 04:44:20][INFO] Startup wipe 50/64 deleted +0 total 2 active 1/2
[2026-03-18 04:44:21][INFO] Startup wipe 51/64 deleted +2 total 4 active 0/2
[2026-03-18 04:44:30][INFO] Startup wipe 60/64 deleted +0 total 4 active 0/2
[2026-03-18 04:44:33][INFO] Startup wipe 64/64 deleted +0 total 4 active 0/2
[2026-03-18 04:44:33][INFO] Startup wipe finished deleted total 4
[2026-03-18 04:44:37][INFO] Spawning 1/2 in 102222ms
[2026-03-18 04:46:20][INFO] Calling SpawnSite 1/2
[2026-03-18 04:46:20][INFO] Valid crash site found: 4340.51,12722.2 (attempt 1/500)
[2026-03-18 04:46:20][INFO] Using generated crash site: <4340.509766, 194.900986, 12722.159180>
[2026-03-18 04:46:25][INFO] Spawn confirmed active 1/2
[2026-03-18 04:46:30][INFO] Spawning 2/2 in 91164ms
[2026-03-18 04:48:01][INFO] Calling SpawnSite 2/2
[2026-03-18 04:48:01][INFO] Valid crash site found: 7632.91,8394.13 (attempt 1/500)
[2026-03-18 04:48:01][INFO] Using generated crash site: <7632.907227, 367.813599, 8394.134766>
[2026-03-18 04:48:06][INFO] Spawn confirmed active 2/2
[2026-03-18 04:48:11][INFO] Active crashes 2/2 no spawn
[2026-03-18 04:48:55][INFO] Active crashes 2/2 no spawn
[2026-03-18 04:49:55][INFO] Active crashes 2/2 no spawn
[2026-03-18 04:50:56][INFO] Active crashes 2/2 no spawn
[2026-03-18 04:51:57][INFO] Active crashes 2/2 no spawn
[2026-03-18 04:52:57][INFO] Active crashes 2/2 no spawn
[2026-03-18 04:53:57][INFO] Active crashes 2/2 no spawn
[2026-03-18 04:55:09][INFO] Shutdown wipe deleted 8 objects
[2026-03-18 20:16:25][INFO] MissionServer init
[2026-03-18 20:17:39][INFO] Startup wipe 10/64 deleted +0 total 0 active 0/2
[2026-03-18 20:17:49][INFO] Startup wipe 20/64 deleted +0 total 0 active 0/2
[2026-03-18 20:18:00][INFO] Startup wipe 30/64 deleted +0 total 0 active 0/2
[2026-03-18 20:18:08][INFO] Startup wipe 40/64 deleted +0 total 0 active 0/2
[2026-03-18 20:18:46][INFO] Shutdown wipe deleted 0 objects
[2026-03-18 20:22:01][INFO] MissionServer init
[2026-03-18 20:22:54][INFO] Startup wipe 10/64 deleted +0 total 0 active 0/2
[2026-03-18 20:23:36][INFO] Shutdown wipe deleted 0 objects
[2026-03-18 20:24:47][INFO] MissionServer init
[2026-03-18 20:26:14][INFO] Shutdown wipe deleted 0 objects
[2026-03-18 21:05:16][INFO] MissionServer init
[2026-03-18 21:06:10][INFO] Startup wipe 10/64 deleted +0 total 0 active 0/2
[2026-03-18 21:06:20][INFO] Startup wipe 20/64 deleted +0 total 0 active 0/2
[2026-03-18 21:06:31][INFO] Startup wipe 30/64 deleted +0 total 0 active 0/2
[2026-03-18 21:06:39][INFO] Startup wipe 40/64 deleted +0 total 0 active 0/2
[2026-03-18 21:06:50][INFO] Startup wipe 50/64 deleted +0 total 0 active 0/2
[2026-03-18 21:07:00][INFO] Startup wipe 60/64 deleted +0 total 0 active 0/2
[2026-03-18 21:07:03][INFO] Startup wipe 64/64 deleted +0 total 0 active 0/2
[2026-03-18 21:07:03][INFO] Startup wipe finished deleted total 0
[2026-03-18 21:07:07][INFO] Spawning 1/2 in 113451ms
[2026-03-18 21:09:01][INFO] Calling SpawnSite 1/2
[2026-03-18 21:09:01][INFO] Valid crash site found: 3586.62,12931.7 (attempt 4/500)
[2026-03-18 21:09:01][INFO] Using generated crash site: <3586.621826, 192.672745, 12931.731445>
[2026-03-18 21:09:06][INFO] Spawn confirmed active 1/2
[2026-03-18 21:09:11][INFO] Spawning 2/2 in 109336ms
[2026-03-18 21:11:00][INFO] Calling SpawnSite 2/2
[2026-03-18 21:11:00][INFO] Valid crash site found: 4580.66,8705.64 (attempt 12/500)
[2026-03-18 21:11:00][INFO] Using generated crash site: <4580.661133, 322.106262, 8705.637695>
[2026-03-18 21:11:05][INFO] Spawn confirmed active 2/2
[2026-03-18 21:11:10][INFO] Active crashes 2/2 no spawn
[2026-03-18 21:11:25][INFO] Active crashes 2/2 no spawn
[2026-03-18 21:12:25][INFO] Active crashes 2/2 no spawn
[2026-03-18 21:13:25][INFO] Active crashes 2/2 no spawn
[2026-03-18 21:14:25][INFO] Active crashes 2/2 no spawn
[2026-03-18 21:15:25][INFO] Active crashes 2/2 no spawn
[2026-03-18 21:16:25][INFO] Active crashes 2/2 no spawn
[2026-03-18 21:17:25][INFO] Active crashes 2/2 no spawn
[2026-03-18 21:18:25][INFO] Active crashes 2/2 no spawn
[2026-03-18 21:19:25][INFO] Active crashes 2/2 no spawn
[2026-03-18 21:20:25][INFO] Active crashes 2/2 no spawn
[2026-03-18 21:21:25][INFO] Active crashes 2/2 no spawn
[2026-03-18 21:22:25][INFO] Active crashes 2/2 no spawn
[2026-03-18 21:23:25][INFO] Active crashes 2/2 no spawn
[2026-03-18 21:24:25][INFO] Active crashes 2/2 no spawn
[2026-03-18 21:25:25][INFO] Active crashes 2/2 no spawn
[2026-03-18 21:26:25][INFO] Active crashes 2/2 no spawn
[2026-03-18 21:27:15][INFO] Shutdown wipe deleted 8 objects
[2026-03-19 00:27:28][INFO] MissionServer init
[2026-03-19 00:28:23][INFO] Startup wipe 10/64 deleted +0 total 0 active 2/2
[2026-03-19 00:28:33][INFO] Startup wipe 20/64 deleted +0 total 0 active 2/2
[2026-03-19 00:28:44][INFO] Startup wipe 30/64 deleted +0 total 0 active 2/2
[2026-03-19 00:28:48][INFO] Startup wipe 35/64 deleted +2 total 2 active 1/2
[2026-03-19 00:28:52][INFO] Startup wipe 40/64 deleted +0 total 2 active 1/2
[2026-03-19 00:29:04][INFO] Startup wipe 50/64 deleted +2 total 4 active 0/2
[2026-03-19 00:29:14][INFO] Startup wipe 60/64 deleted +0 total 4 active 0/2
[2026-03-19 00:29:17][INFO] Startup wipe 64/64 deleted +0 total 4 active 0/2
[2026-03-19 00:29:17][INFO] Startup wipe finished deleted total 4
[2026-03-19 00:29:21][INFO] Spawning 1/2 in 147021ms
[2026-03-19 00:31:48][INFO] Calling SpawnSite 1/2
[2026-03-19 00:31:48][INFO] Valid crash site found: 8516.04,6759.15 (attempt 4/500)
[2026-03-19 00:31:48][INFO] Using generated crash site: <8516.044922, 348.859650, 6759.147949>
[2026-03-19 00:31:53][INFO] Spawn confirmed active 1/2
[2026-03-19 00:31:58][INFO] Spawning 2/2 in 96046ms
[2026-03-19 00:33:34][INFO] Calling SpawnSite 2/2
[2026-03-19 00:33:34][INFO] Valid crash site found: 3474.5,2140.82 (attempt 1/500)
[2026-03-19 00:33:34][INFO] Using generated crash site: <3474.496826, 5.277689, 2140.820801>
[2026-03-19 00:33:39][INFO] Active crashes 2/2 no spawn
[2026-03-19 00:33:39][INFO] Spawn confirmed active 2/2
[2026-03-19 00:33:44][INFO] Active crashes 2/2 no spawn
[2026-03-19 00:34:39][INFO] Active crashes 2/2 no spawn
[2026-03-19 00:35:39][INFO] Active crashes 2/2 no spawn
[2026-03-19 00:36:39][INFO] Active crashes 2/2 no spawn
[2026-03-19 00:37:39][INFO] Active crashes 2/2 no spawn
[2026-03-19 00:38:39][INFO] Active crashes 2/2 no spawn
[2026-03-19 00:39:39][INFO] Active crashes 2/2 no spawn
[2026-03-19 00:40:39][INFO] Active crashes 2/2 no spawn
[2026-03-19 00:41:39][INFO] Active crashes 2/2 no spawn
[2026-03-19 00:42:39][INFO] Active crashes 2/2 no spawn
[2026-03-19 00:43:39][INFO] Active crashes 2/2 no spawn
[2026-03-19 00:44:39][INFO] Active crashes 2/2 no spawn
[2026-03-19 00:45:39][INFO] Active crashes 2/2 no spawn
[2026-03-19 00:46:39][INFO] Active crashes 2/2 no spawn
[2026-03-19 00:47:39][INFO] Active crashes 2/2 no spawn
[2026-03-19 00:48:39][INFO] Active crashes 2/2 no spawn
[2026-03-19 00:49:39][INFO] Active crashes 2/2 no spawn
[2026-03-19 00:50:39][INFO] Active crashes 2/2 no spawn
[2026-03-19 00:51:39][INFO] Active crashes 2/2 no spawn
[2026-03-19 00:52:39][INFO] Active crashes 2/2 no spawn
[2026-03-19 00:53:39][INFO] Active crashes 2/2 no spawn
[2026-03-19 00:54:39][INFO] Active crashes 2/2 no spawn
[2026-03-19 00:55:40][INFO] Active crashes 2/2 no spawn
[2026-03-19 00:56:40][INFO] Active crashes 2/2 no spawn
[2026-03-19 00:57:40][INFO] Active crashes 2/2 no spawn
[2026-03-19 00:58:40][INFO] Active crashes 2/2 no spawn
[2026-03-19 00:59:40][INFO] Active crashes 2/2 no spawn
[2026-03-19 01:00:40][INFO] Active crashes 2/2 no spawn
[2026-03-19 01:01:40][INFO] Active crashes 2/2 no spawn
[2026-03-19 01:02:40][INFO] Spawning 2/2 in 94695ms
[2026-03-19 01:04:15][INFO] Calling SpawnSite 1/2
[2026-03-19 01:04:15][INFO] Valid crash site found: 10735.7,11015 (attempt 1/500)
[2026-03-19 01:04:15][INFO] Using generated crash site: <10735.711914, 170.902786, 11015.005859>
[2026-03-19 01:04:20][INFO] Spawn confirmed active 1/2
[2026-03-19 01:04:25][INFO] Spawning 2/2 in 118093ms
[2026-03-19 01:06:23][INFO] Calling SpawnSite 2/2
[2026-03-19 01:06:23][INFO] Valid crash site found: 3970.7,9736.37 (attempt 2/500)
[2026-03-19 01:06:23][INFO] Using generated crash site: <3970.700928, 365.197479, 9736.373047>
[2026-03-19 01:07:02][INFO] Shutdown wipe deleted 6 objects
[2026-03-19 01:26:24][INFO] MissionServer init
[2026-03-19 01:27:38][INFO] Startup wipe 10/64 deleted +0 total 0 active 2/2
[2026-03-19 01:27:50][INFO] Startup wipe 20/64 deleted +0 total 0 active 2/2
[2026-03-19 01:28:04][INFO] Startup wipe 30/64 deleted +0 total 0 active 2/2
[2026-03-19 01:28:08][INFO] Startup wipe 34/64 deleted +2 total 2 active 1/2
[2026-03-19 01:28:13][INFO] Startup wipe 40/64 deleted +0 total 2 active 1/2
[2026-03-19 01:28:24][INFO] Startup wipe 46/64 deleted +2 total 4 active 0/2
[2026-03-19 01:28:29][INFO] Startup wipe 50/64 deleted +0 total 4 active 0/2
[2026-03-19 01:28:40][INFO] Startup wipe 60/64 deleted +0 total 4 active 0/2
[2026-03-19 01:28:45][INFO] Startup wipe 64/64 deleted +0 total 4 active 0/2
[2026-03-19 01:28:45][INFO] Startup wipe finished deleted total 4
[2026-03-19 01:28:50][INFO] Spawning 1/2 in 126269ms
[2026-03-19 01:30:56][INFO] Calling SpawnSite 1/2
[2026-03-19 01:30:56][INFO] Valid crash site found: 12721.8,12539.9 (attempt 3/500)
[2026-03-19 01:30:56][INFO] Using generated crash site: <12721.751953, 167.674332, 12539.905273>
[2026-03-19 01:31:01][INFO] Spawn confirmed active 1/2
[2026-03-19 01:31:06][INFO] Spawning 2/2 in 108672ms
[2026-03-19 01:32:56][INFO] Calling SpawnSite 2/2
[2026-03-19 01:32:56][INFO] Valid crash site found: 8056.54,7144.45 (attempt 1/500)
[2026-03-19 01:32:56][INFO] Using generated crash site: <8056.535645, 349.370605, 7144.450195>
[2026-03-19 01:33:01][INFO] Spawn confirmed active 2/2
[2026-03-19 01:33:06][INFO] Active crashes 2/2 no spawn
[2026-03-19 01:33:08][INFO] Active crashes 2/2 no spawn
[2026-03-19 01:34:08][INFO] Active crashes 2/2 no spawn
[2026-03-19 01:35:08][INFO] Spawning 2/2 in 136849ms
[2026-03-19 01:36:22][INFO] Shutdown wipe deleted 4 objects
[2026-03-19 01:42:01][INFO] MissionServer init
[2026-03-19 01:42:53][INFO] Startup wipe 10/64 deleted +0 total 0 active 1/2
[2026-03-19 01:43:03][INFO] Startup wipe 20/64 deleted +0 total 0 active 1/2
[2026-03-19 01:43:13][INFO] Startup wipe 30/64 deleted +0 total 0 active 1/2
[2026-03-19 01:43:22][INFO] Startup wipe 40/64 deleted +0 total 0 active 1/2
[2026-03-19 01:43:34][INFO] Startup wipe 50/64 deleted +0 total 0 active 1/2
[2026-03-19 01:43:40][INFO] Startup wipe 55/64 deleted +2 total 2 active 0/2
[2026-03-19 01:43:44][INFO] Startup wipe 60/64 deleted +0 total 2 active 0/2
[2026-03-19 01:43:47][INFO] Startup wipe 64/64 deleted +0 total 2 active 0/2
[2026-03-19 01:43:47][INFO] Startup wipe finished deleted total 2
[2026-03-19 01:43:51][INFO] Spawning 1/2 in 103828ms
[2026-03-19 01:45:35][INFO] Calling SpawnSite 1/2
[2026-03-19 01:45:35][INFO] Valid crash site found: 4086.5,6839.47 (attempt 1/500)
[2026-03-19 01:45:35][INFO] Using generated crash site: <4086.495605, 303.128937, 6839.470215>
[2026-03-19 01:45:40][INFO] Spawn confirmed active 1/2
[2026-03-19 01:45:45][INFO] Spawning 2/2 in 147245ms
[2026-03-19 01:47:36][INFO] Shutdown wipe deleted 2 objects
